Mar 17 2023 05:23:19
{"type":8192,"message":"Return type of Requests_Utility_CaseInsensitiveDictionary::getIterator() should either be compatible with IteratorAggregate::getIterator(): Traversable, or the #[\\ReturnTypeWillChange] attribute should be used to temporarily suppress the notice","file":"C:\\Users\\perci\\Local Sites\\solutionssmith\\app\\public\\wp-includes\\Requests\\Utility\\CaseInsensitiveDictionary.php","line":91}

Mar 17 2023 05:23:20
{"Number":8192,"Message":"base64_encode(): Passing null to parameter #1 ($string) of type string is deprecated","File":"C:\\Users\\perci\\Local Sites\\solutionssmith\\app\\public\\wp-content\\plugins\\all-in-one-wp-migration\\lib\\model\\export\\class-ai1wm-export-config.php","Line":171}

Mar 19 2023 06:34:11
{"Number":8192,"Message":"base64_encode(): Passing null to parameter #1 ($string) of type string is deprecated","File":"C:\\Users\\perci\\Local Sites\\solutionssmith\\app\\public\\wp-content\\plugins\\all-in-one-wp-migration\\lib\\model\\export\\class-ai1wm-export-config.php","Line":171}

Mar 19 2023 06:34:16
{"type":8192,"message":"Return type of Requests_Utility_CaseInsensitiveDictionary::getIterator() should either be compatible with IteratorAggregate::getIterator(): Traversable, or the #[\\ReturnTypeWillChange] attribute should be used to temporarily suppress the notice","file":"C:\\Users\\perci\\Local Sites\\solutionssmith\\app\\public\\wp-includes\\Requests\\Utility\\CaseInsensitiveDictionary.php","line":91}

Mar 19 2023 06:34:30
{"Number":8192,"Message":"Return type of Requests_Cookie_Jar::offsetExists($key) should either be compatible with ArrayAccess::offsetExists(mixed $offset): bool, or the #[\\ReturnTypeWillChange] attribute should be used to temporarily suppress the notice","File":"C:\\Users\\perci\\Local Sites\\solutionssmith\\app\\public\\wp-includes\\Requests\\Cookie\\Jar.php","Line":63}

Mar 19 2023 06:34:30
{"Number":8192,"Message":"Return type of Requests_Cookie_Jar::offsetGet($key) should either be compatible with ArrayAccess::offsetGet(mixed $offset): mixed, or the #[\\ReturnTypeWillChange] attribute should be used to temporarily suppress the notice","File":"C:\\Users\\perci\\Local Sites\\solutionssmith\\app\\public\\wp-includes\\Requests\\Cookie\\Jar.php","Line":73}

Mar 19 2023 06:34:30
{"Number":8192,"Message":"Return type of Requests_Cookie_Jar::offsetSet($key, $value) should either be compatible with ArrayAccess::offsetSet(mixed $offset, mixed $value): void, or the #[\\ReturnTypeWillChange] attribute should be used to temporarily suppress the notice","File":"C:\\Users\\perci\\Local Sites\\solutionssmith\\app\\public\\wp-includes\\Requests\\Cookie\\Jar.php","Line":89}

Mar 19 2023 06:34:30
{"Number":8192,"Message":"Return type of Requests_Cookie_Jar::offsetUnset($key) should either be compatible with ArrayAccess::offsetUnset(mixed $offset): void, or the #[\\ReturnTypeWillChange] attribute should be used to temporarily suppress the notice","File":"C:\\Users\\perci\\Local Sites\\solutionssmith\\app\\public\\wp-includes\\Requests\\Cookie\\Jar.php","Line":102}

Mar 19 2023 06:34:30
{"Number":8192,"Message":"Return type of Requests_Cookie_Jar::getIterator() should either be compatible with IteratorAggregate::getIterator(): Traversable, or the #[\\ReturnTypeWillChange] attribute should be used to temporarily suppress the notice","File":"C:\\Users\\perci\\Local Sites\\solutionssmith\\app\\public\\wp-includes\\Requests\\Cookie\\Jar.php","Line":111}

Mar 19 2023 06:34:34
{"Number":8192,"Message":"Return type of Requests_Utility_CaseInsensitiveDictionary::offsetExists($key) should either be compatible with ArrayAccess::offsetExists(mixed $offset): bool, or the #[\\ReturnTypeWillChange] attribute should be used to temporarily suppress the notice","File":"C:\\Users\\perci\\Local Sites\\solutionssmith\\app\\public\\wp-includes\\Requests\\Utility\\CaseInsensitiveDictionary.php","Line":40}

Mar 19 2023 06:34:34
{"Number":8192,"Message":"Return type of Requests_Utility_CaseInsensitiveDictionary::offsetGet($key) should either be compatible with ArrayAccess::offsetGet(mixed $offset): mixed, or the #[\\ReturnTypeWillChange] attribute should be used to temporarily suppress the notice","File":"C:\\Users\\perci\\Local Sites\\solutionssmith\\app\\public\\wp-includes\\Requests\\Utility\\CaseInsensitiveDictionary.php","Line":51}

Mar 19 2023 06:34:34
{"Number":8192,"Message":"Return type of Requests_Utility_CaseInsensitiveDictionary::offsetSet($key, $value) should either be compatible with ArrayAccess::offsetSet(mixed $offset, mixed $value): void, or the #[\\ReturnTypeWillChange] attribute should be used to temporarily suppress the notice","File":"C:\\Users\\perci\\Local Sites\\solutionssmith\\app\\public\\wp-includes\\Requests\\Utility\\CaseInsensitiveDictionary.php","Line":68}

Mar 19 2023 06:34:34
{"Number":8192,"Message":"Return type of Requests_Utility_CaseInsensitiveDictionary::offsetUnset($key) should either be compatible with ArrayAccess::offsetUnset(mixed $offset): void, or the #[\\ReturnTypeWillChange] attribute should be used to temporarily suppress the notice","File":"C:\\Users\\perci\\Local Sites\\solutionssmith\\app\\public\\wp-includes\\Requests\\Utility\\CaseInsensitiveDictionary.php","Line":82}

Mar 19 2023 06:34:34
{"Number":8192,"Message":"Return type of Requests_Utility_CaseInsensitiveDictionary::getIterator() should either be compatible with IteratorAggregate::getIterator(): Traversable, or the #[\\ReturnTypeWillChange] attribute should be used to temporarily suppress the notice","File":"C:\\Users\\perci\\Local Sites\\solutionssmith\\app\\public\\wp-includes\\Requests\\Utility\\CaseInsensitiveDictionary.php","Line":91}

Mar 21 2023 08:30:43
{"Number":8192,"Message":"base64_encode(): Passing null to parameter #1 ($string) of type string is deprecated","File":"C:\\Users\\perci\\Local Sites\\solutionssmith\\app\\public\\wp-content\\plugins\\all-in-one-wp-migration\\lib\\model\\export\\class-ai1wm-export-config.php","Line":171}

Mar 21 2023 08:31:39
{"type":8192,"message":"Return type of Requests_Utility_CaseInsensitiveDictionary::getIterator() should either be compatible with IteratorAggregate::getIterator(): Traversable, or the #[\\ReturnTypeWillChange] attribute should be used to temporarily suppress the notice","file":"C:\\Users\\perci\\Local Sites\\solutionssmith\\app\\public\\wp-includes\\Requests\\Utility\\CaseInsensitiveDictionary.php","line":91}

Mar 21 2023 08:31:40
{"type":8192,"message":"Return type of Requests_Utility_CaseInsensitiveDictionary::getIterator() should either be compatible with IteratorAggregate::getIterator(): Traversable, or the #[\\ReturnTypeWillChange] attribute should be used to temporarily suppress the notice","file":"C:\\Users\\perci\\Local Sites\\solutionssmith\\app\\public\\wp-includes\\Requests\\Utility\\CaseInsensitiveDictionary.php","line":91}

Mar 21 2023 08:55:14
{"Number":8192,"Message":"base64_encode(): Passing null to parameter #1 ($string) of type string is deprecated","File":"C:\\Users\\perci\\Local Sites\\solutionssmith\\app\\public\\wp-content\\plugins\\all-in-one-wp-migration\\lib\\model\\export\\class-ai1wm-export-config.php","Line":171}

Mar 21 2023 09:01:31
{"type":8192,"message":"Return type of Requests_Utility_CaseInsensitiveDictionary::getIterator() should either be compatible with IteratorAggregate::getIterator(): Traversable, or the #[\\ReturnTypeWillChange] attribute should be used to temporarily suppress the notice","file":"C:\\Users\\perci\\Local Sites\\solutionssmith\\app\\public\\wp-includes\\Requests\\Utility\\CaseInsensitiveDictionary.php","line":91}

Mar 22 2023 03:07:45
{"Number":8192,"Message":"base64_encode(): Passing null to parameter #1 ($string) of type string is deprecated","File":"C:\\Users\\perci\\Local Sites\\solutionssmith\\app\\public\\wp-content\\plugins\\all-in-one-wp-migration\\lib\\model\\export\\class-ai1wm-export-config.php","Line":171}

Mar 22 2023 03:08:00
{"Number":8192,"Message":"Return type of Requests_Cookie_Jar::offsetExists($key) should either be compatible with ArrayAccess::offsetExists(mixed $offset): bool, or the #[\\ReturnTypeWillChange] attribute should be used to temporarily suppress the notice","File":"C:\\Users\\perci\\Local Sites\\solutionssmith\\app\\public\\wp-includes\\Requests\\Cookie\\Jar.php","Line":63}

Mar 22 2023 03:08:00
{"Number":8192,"Message":"Return type of Requests_Cookie_Jar::offsetGet($key) should either be compatible with ArrayAccess::offsetGet(mixed $offset): mixed, or the #[\\ReturnTypeWillChange] attribute should be used to temporarily suppress the notice","File":"C:\\Users\\perci\\Local Sites\\solutionssmith\\app\\public\\wp-includes\\Requests\\Cookie\\Jar.php","Line":73}

Mar 22 2023 03:08:00
{"Number":8192,"Message":"Return type of Requests_Cookie_Jar::offsetSet($key, $value) should either be compatible with ArrayAccess::offsetSet(mixed $offset, mixed $value): void, or the #[\\ReturnTypeWillChange] attribute should be used to temporarily suppress the notice","File":"C:\\Users\\perci\\Local Sites\\solutionssmith\\app\\public\\wp-includes\\Requests\\Cookie\\Jar.php","Line":89}

Mar 22 2023 03:08:00
{"Number":8192,"Message":"Return type of Requests_Cookie_Jar::offsetUnset($key) should either be compatible with ArrayAccess::offsetUnset(mixed $offset): void, or the #[\\ReturnTypeWillChange] attribute should be used to temporarily suppress the notice","File":"C:\\Users\\perci\\Local Sites\\solutionssmith\\app\\public\\wp-includes\\Requests\\Cookie\\Jar.php","Line":102}

Mar 22 2023 03:08:00
{"Number":8192,"Message":"Return type of Requests_Cookie_Jar::getIterator() should either be compatible with IteratorAggregate::getIterator(): Traversable, or the #[\\ReturnTypeWillChange] attribute should be used to temporarily suppress the notice","File":"C:\\Users\\perci\\Local Sites\\solutionssmith\\app\\public\\wp-includes\\Requests\\Cookie\\Jar.php","Line":111}

Mar 22 2023 03:08:04
{"Number":8192,"Message":"Return type of Requests_Utility_CaseInsensitiveDictionary::offsetExists($key) should either be compatible with ArrayAccess::offsetExists(mixed $offset): bool, or the #[\\ReturnTypeWillChange] attribute should be used to temporarily suppress the notice","File":"C:\\Users\\perci\\Local Sites\\solutionssmith\\app\\public\\wp-includes\\Requests\\Utility\\CaseInsensitiveDictionary.php","Line":40}

Mar 22 2023 03:08:04
{"Number":8192,"Message":"Return type of Requests_Utility_CaseInsensitiveDictionary::offsetGet($key) should either be compatible with ArrayAccess::offsetGet(mixed $offset): mixed, or the #[\\ReturnTypeWillChange] attribute should be used to temporarily suppress the notice","File":"C:\\Users\\perci\\Local Sites\\solutionssmith\\app\\public\\wp-includes\\Requests\\Utility\\CaseInsensitiveDictionary.php","Line":51}

Mar 22 2023 03:08:04
{"Number":8192,"Message":"Return type of Requests_Utility_CaseInsensitiveDictionary::offsetSet($key, $value) should either be compatible with ArrayAccess::offsetSet(mixed $offset, mixed $value): void, or the #[\\ReturnTypeWillChange] attribute should be used to temporarily suppress the notice","File":"C:\\Users\\perci\\Local Sites\\solutionssmith\\app\\public\\wp-includes\\Requests\\Utility\\CaseInsensitiveDictionary.php","Line":68}

Mar 22 2023 03:08:04
{"Number":8192,"Message":"Return type of Requests_Utility_CaseInsensitiveDictionary::offsetUnset($key) should either be compatible with ArrayAccess::offsetUnset(mixed $offset): void, or the #[\\ReturnTypeWillChange] attribute should be used to temporarily suppress the notice","File":"C:\\Users\\perci\\Local Sites\\solutionssmith\\app\\public\\wp-includes\\Requests\\Utility\\CaseInsensitiveDictionary.php","Line":82}

Mar 22 2023 03:08:04
{"Number":8192,"Message":"Return type of Requests_Utility_CaseInsensitiveDictionary::getIterator() should either be compatible with IteratorAggregate::getIterator(): Traversable, or the #[\\ReturnTypeWillChange] attribute should be used to temporarily suppress the notice","File":"C:\\Users\\perci\\Local Sites\\solutionssmith\\app\\public\\wp-includes\\Requests\\Utility\\CaseInsensitiveDictionary.php","Line":91}

Mar 22 2023 03:08:08
{"type":8192,"message":"Return type of Requests_Utility_CaseInsensitiveDictionary::getIterator() should either be compatible with IteratorAggregate::getIterator(): Traversable, or the #[\\ReturnTypeWillChange] attribute should be used to temporarily suppress the notice","file":"C:\\Users\\perci\\Local Sites\\solutionssmith\\app\\public\\wp-includes\\Requests\\Utility\\CaseInsensitiveDictionary.php","line":91}

Mar 22 2023 03:08:18
{"type":8192,"message":"Return type of Requests_Utility_CaseInsensitiveDictionary::getIterator() should either be compatible with IteratorAggregate::getIterator(): Traversable, or the #[\\ReturnTypeWillChange] attribute should be used to temporarily suppress the notice","file":"C:\\Users\\perci\\Local Sites\\solutionssmith\\app\\public\\wp-includes\\Requests\\Utility\\CaseInsensitiveDictionary.php","line":91}

